Release 14.7 - xst P.20131013 (lin64)
Copyright (c) 1995-2013 Xilinx, Inc.  All rights reserved.
--> 
Parameter TMPDIR set to xst/projnav.tmp


Total REAL time to Xst completion: 0.00 secs
Total CPU time to Xst completion: 0.04 secs
 
--> 
Parameter xsthdpdir set to xst


Total REAL time to Xst completion: 0.00 secs
Total CPU time to Xst completion: 0.04 secs
 
--> 
Reading design: top_module.prj

TABLE OF CONTENTS
  1) Synthesis Options Summary
  2) HDL Compilation
  3) Design Hierarchy Analysis
  4) HDL Analysis
  5) HDL Synthesis
     5.1) HDL Synthesis Report
  6) Advanced HDL Synthesis
     6.1) Advanced HDL Synthesis Report
  7) Low Level Synthesis
  8) Partition Report
  9) Final Report
	9.1) Device utilization summary
	9.2) Partition Resource Summary
	9.3) TIMING REPORT


=========================================================================
*                      Synthesis Options Summary                        *
=========================================================================
---- Source Parameters
Input File Name                    : "top_module.prj"
Input Format                       : mixed
Ignore Synthesis Constraint File   : NO

---- Target Parameters
Output File Name                   : "top_module"
Output Format                      : NGC
Target Device                      : xc3s1200e-4-fg320

---- Source Options
Top Module Name                    : top_module
Automatic FSM Extraction           : YES
FSM Encoding Algorithm             : Auto
Safe Implementation                : No
FSM Style                          : LUT
RAM Extraction                     : Yes
RAM Style                          : Auto
ROM Extraction                     : Yes
Mux Style                          : Auto
Decoder Extraction                 : YES
Priority Encoder Extraction        : Yes
Shift Register Extraction          : YES
Logical Shifter Extraction         : YES
XOR Collapsing                     : YES
ROM Style                          : Auto
Mux Extraction                     : Yes
Resource Sharing                   : YES
Asynchronous To Synchronous        : NO
Multiplier Style                   : Auto
Automatic Register Balancing       : No

---- Target Options
Add IO Buffers                     : YES
Global Maximum Fanout              : 100000
Add Generic Clock Buffer(BUFG)     : 24
Register Duplication               : YES
Slice Packing                      : YES
Optimize Instantiated Primitives   : NO
Use Clock Enable                   : Yes
Use Synchronous Set                : Yes
Use Synchronous Reset              : Yes
Pack IO Registers into IOBs        : Auto
Equivalent register Removal        : YES

---- General Options
Optimization Goal                  : Speed
Optimization Effort                : 1
Keep Hierarchy                     : No
Netlist Hierarchy                  : As_Optimized
RTL Output                         : Yes
Global Optimization                : AllClockNets
Read Cores                         : YES
Write Timing Constraints           : NO
Cross Clock Analysis               : NO
Hierarchy Separator                : /
Bus Delimiter                      : <>
Case Specifier                     : Maintain
Slice Utilization Ratio            : 100
BRAM Utilization Ratio             : 100
Verilog 2001                       : YES
Auto BRAM Packing                  : NO
Slice Utilization Ratio Delta      : 5

=========================================================================


=========================================================================
*                          HDL Compilation                              *
=========================================================================
Compiling vhdl file "/home/pietro/Scrivania/ISE_PROJECT/DCM/DCM.vhd" in Library work.
Entity <DCM> compiled.
Entity <DCM> (Architecture <BEHAVIORAL>) compiled.
Compiling vhdl file "/home/pietro/Scrivania/ISE_PROJECT/DCM/DCM_2.vhd" in Library work.
Entity <DCM_2> compiled.
Entity <DCM_2> (Architecture <BEHAVIORAL>) compiled.
Compiling vhdl file "/home/pietro/Scrivania/ISE_PROJECT/DCM/DCM_4.vhd" in Library work.
Entity <DCM_4> compiled.
Entity <DCM_4> (Architecture <BEHAVIORAL>) compiled.
Compiling vhdl file "/home/pietro/Scrivania/ISE_PROJECT/DCM/top_module.vhd" in Library work.
Architecture behavioral of Entity top_module is up to date.

=========================================================================
*                     Design Hierarchy Analysis                         *
=========================================================================
Analyzing hierarchy for entity <top_module> in library <work> (architecture <behavioral>).

Analyzing hierarchy for entity <DCM> in library <work> (architecture <BEHAVIORAL>).

Analyzing hierarchy for entity <DCM_2> in library <work> (architecture <BEHAVIORAL>).

Analyzing hierarchy for entity <DCM_4> in library <work> (architecture <BEHAVIORAL>).


=========================================================================
*                            HDL Analysis                               *
=========================================================================
Analyzing Entity <top_module> in library <work> (Architecture <behavioral>).
WARNING:Xst:753 - "/home/pietro/Scrivania/ISE_PROJECT/DCM/top_module.vhd" line 78: Unconnected output port 'CLKIN_IBUFG_OUT' of component 'DCM'.
WARNING:Xst:753 - "/home/pietro/Scrivania/ISE_PROJECT/DCM/top_module.vhd" line 78: Unconnected output port 'CLK0_OUT' of component 'DCM'.
WARNING:Xst:753 - "/home/pietro/Scrivania/ISE_PROJECT/DCM/top_module.vhd" line 78: Unconnected output port 'LOCKED_OUT' of component 'DCM'.
WARNING:Xst:753 - "/home/pietro/Scrivania/ISE_PROJECT/DCM/top_module.vhd" line 78: Unconnected output port 'STATUS_OUT' of component 'DCM'.
WARNING:Xst:753 - "/home/pietro/Scrivania/ISE_PROJECT/DCM/top_module.vhd" line 92: Unconnected output port 'CLKIN_IBUFG_OUT' of component 'DCM_2'.
WARNING:Xst:753 - "/home/pietro/Scrivania/ISE_PROJECT/DCM/top_module.vhd" line 92: Unconnected output port 'CLK0_OUT' of component 'DCM_2'.
WARNING:Xst:753 - "/home/pietro/Scrivania/ISE_PROJECT/DCM/top_module.vhd" line 92: Unconnected output port 'LOCKED_OUT' of component 'DCM_2'.
WARNING:Xst:753 - "/home/pietro/Scrivania/ISE_PROJECT/DCM/top_module.vhd" line 126: Unconnected output port 'CLKIN_IBUFG_OUT' of component 'DCM_4'.
WARNING:Xst:753 - "/home/pietro/Scrivania/ISE_PROJECT/DCM/top_module.vhd" line 126: Unconnected output port 'CLK0_OUT' of component 'DCM_4'.
Entity <top_module> analyzed. Unit <top_module> generated.

Analyzing Entity <DCM> in library <work> (Architecture <BEHAVIORAL>).
    Set user-defined property "CAPACITANCE =  DONT_CARE" for instance <CLKIN_IBUFG_INST> in unit <DCM>.
    Set user-defined property "IBUF_DELAY_VALUE =  0" for instance <CLKIN_IBUFG_INST> in unit <DCM>.
    Set user-defined property "IBUF_LOW_PWR =  TRUE" for instance <CLKIN_IBUFG_INST> in unit <DCM>.
    Set user-defined property "IOSTANDARD =  DEFAULT" for instance <CLKIN_IBUFG_INST> in unit <DCM>.
    Set user-defined property "CLKDV_DIVIDE =  4.0000000000000000" for instance <DCM_SP_INST> in unit <DCM>.
    Set user-defined property "CLKFX_DIVIDE =  32" for instance <DCM_SP_INST> in unit <DCM>.
    Set user-defined property "CLKFX_MULTIPLY =  25" for instance <DCM_SP_INST> in unit <DCM>.
    Set user-defined property "CLKIN_DIVIDE_BY_2 =  FALSE" for instance <DCM_SP_INST> in unit <DCM>.
    Set user-defined property "CLKIN_PERIOD =  10.0000000000000000" for instance <DCM_SP_INST> in unit <DCM>.
    Set user-defined property "CLKOUT_PHASE_SHIFT =  NONE" for instance <DCM_SP_INST> in unit <DCM>.
    Set user-defined property "CLK_FEEDBACK =  1X" for instance <DCM_SP_INST> in unit <DCM>.
    Set user-defined property "DESKEW_ADJUST =  SYSTEM_SYNCHRONOUS" for instance <DCM_SP_INST> in unit <DCM>.
    Set user-defined property "DFS_FREQUENCY_MODE =  LOW" for instance <DCM_SP_INST> in unit <DCM>.
    Set user-defined property "DLL_FREQUENCY_MODE =  LOW" for instance <DCM_SP_INST> in unit <DCM>.
    Set user-defined property "DSS_MODE =  NONE" for instance <DCM_SP_INST> in unit <DCM>.
    Set user-defined property "DUTY_CYCLE_CORRECTION =  TRUE" for instance <DCM_SP_INST> in unit <DCM>.
    Set user-defined property "FACTORY_JF =  C080" for instance <DCM_SP_INST> in unit <DCM>.
    Set user-defined property "PHASE_SHIFT =  0" for instance <DCM_SP_INST> in unit <DCM>.
    Set user-defined property "STARTUP_WAIT =  FALSE" for instance <DCM_SP_INST> in unit <DCM>.
Entity <DCM> analyzed. Unit <DCM> generated.

Analyzing Entity <DCM_2> in library <work> (Architecture <BEHAVIORAL>).
    Set user-defined property "CAPACITANCE =  DONT_CARE" for instance <CLKIN_IBUFG_INST> in unit <DCM_2>.
    Set user-defined property "IBUF_DELAY_VALUE =  0" for instance <CLKIN_IBUFG_INST> in unit <DCM_2>.
    Set user-defined property "IBUF_LOW_PWR =  TRUE" for instance <CLKIN_IBUFG_INST> in unit <DCM_2>.
    Set user-defined property "IOSTANDARD =  DEFAULT" for instance <CLKIN_IBUFG_INST> in unit <DCM_2>.
    Set user-defined property "CLKDV_DIVIDE =  2.0000000000000000" for instance <DCM_SP_INST> in unit <DCM_2>.
    Set user-defined property "CLKFX_DIVIDE =  3" for instance <DCM_SP_INST> in unit <DCM_2>.
    Set user-defined property "CLKFX_MULTIPLY =  7" for instance <DCM_SP_INST> in unit <DCM_2>.
    Set user-defined property "CLKIN_DIVIDE_BY_2 =  FALSE" for instance <DCM_SP_INST> in unit <DCM_2>.
    Set user-defined property "CLKIN_PERIOD =  10.0000000000000000" for instance <DCM_SP_INST> in unit <DCM_2>.
    Set user-defined property "CLKOUT_PHASE_SHIFT =  NONE" for instance <DCM_SP_INST> in unit <DCM_2>.
    Set user-defined property "CLK_FEEDBACK =  1X" for instance <DCM_SP_INST> in unit <DCM_2>.
    Set user-defined property "DESKEW_ADJUST =  SYSTEM_SYNCHRONOUS" for instance <DCM_SP_INST> in unit <DCM_2>.
    Set user-defined property "DFS_FREQUENCY_MODE =  LOW" for instance <DCM_SP_INST> in unit <DCM_2>.
    Set user-defined property "DLL_FREQUENCY_MODE =  LOW" for instance <DCM_SP_INST> in unit <DCM_2>.
    Set user-defined property "DSS_MODE =  NONE" for instance <DCM_SP_INST> in unit <DCM_2>.
    Set user-defined property "DUTY_CYCLE_CORRECTION =  TRUE" for instance <DCM_SP_INST> in unit <DCM_2>.
    Set user-defined property "FACTORY_JF =  C080" for instance <DCM_SP_INST> in unit <DCM_2>.
    Set user-defined property "PHASE_SHIFT =  0" for instance <DCM_SP_INST> in unit <DCM_2>.
    Set user-defined property "STARTUP_WAIT =  FALSE" for instance <DCM_SP_INST> in unit <DCM_2>.
Entity <DCM_2> analyzed. Unit <DCM_2> generated.

Analyzing Entity <DCM_4> in library <work> (Architecture <BEHAVIORAL>).
    Set user-defined property "CAPACITANCE =  DONT_CARE" for instance <CLKIN_IBUFG_INST> in unit <DCM_4>.
    Set user-defined property "IBUF_DELAY_VALUE =  0" for instance <CLKIN_IBUFG_INST> in unit <DCM_4>.
    Set user-defined property "IBUF_LOW_PWR =  TRUE" for instance <CLKIN_IBUFG_INST> in unit <DCM_4>.
    Set user-defined property "IOSTANDARD =  DEFAULT" for instance <CLKIN_IBUFG_INST> in unit <DCM_4>.
    Set user-defined property "CLKDV_DIVIDE =  2.0000000000000000" for instance <DCM_SP_INST> in unit <DCM_4>.
    Set user-defined property "CLKFX_DIVIDE =  2" for instance <DCM_SP_INST> in unit <DCM_4>.
    Set user-defined property "CLKFX_MULTIPLY =  5" for instance <DCM_SP_INST> in unit <DCM_4>.
    Set user-defined property "CLKIN_DIVIDE_BY_2 =  FALSE" for instance <DCM_SP_INST> in unit <DCM_4>.
    Set user-defined property "CLKIN_PERIOD =  10.0000000000000000" for instance <DCM_SP_INST> in unit <DCM_4>.
    Set user-defined property "CLKOUT_PHASE_SHIFT =  NONE" for instance <DCM_SP_INST> in unit <DCM_4>.
    Set user-defined property "CLK_FEEDBACK =  1X" for instance <DCM_SP_INST> in unit <DCM_4>.
    Set user-defined property "DESKEW_ADJUST =  SYSTEM_SYNCHRONOUS" for instance <DCM_SP_INST> in unit <DCM_4>.
    Set user-defined property "DFS_FREQUENCY_MODE =  LOW" for instance <DCM_SP_INST> in unit <DCM_4>.
    Set user-defined property "DLL_FREQUENCY_MODE =  LOW" for instance <DCM_SP_INST> in unit <DCM_4>.
    Set user-defined property "DSS_MODE =  NONE" for instance <DCM_SP_INST> in unit <DCM_4>.
    Set user-defined property "DUTY_CYCLE_CORRECTION =  TRUE" for instance <DCM_SP_INST> in unit <DCM_4>.
    Set user-defined property "FACTORY_JF =  C080" for instance <DCM_SP_INST> in unit <DCM_4>.
    Set user-defined property "PHASE_SHIFT =  0" for instance <DCM_SP_INST> in unit <DCM_4>.
    Set user-defined property "STARTUP_WAIT =  FALSE" for instance <DCM_SP_INST> in unit <DCM_4>.
Entity <DCM_4> analyzed. Unit <DCM_4> generated.


=========================================================================
*                           HDL Synthesis                               *
=========================================================================

Performing bidirectional port resolution...

Synthesizing Unit <DCM>.
    Related source file is "/home/pietro/Scrivania/ISE_PROJECT/DCM/DCM.vhd".
Unit <DCM> synthesized.


Synthesizing Unit <DCM_2>.
    Related source file is "/home/pietro/Scrivania/ISE_PROJECT/DCM/DCM_2.vhd".
Unit <DCM_2> synthesized.


Synthesizing Unit <DCM_4>.
    Related source file is "/home/pietro/Scrivania/ISE_PROJECT/DCM/DCM_4.vhd".
Unit <DCM_4> synthesized.


Synthesizing Unit <top_module>.
    Related source file is "/home/pietro/Scrivania/ISE_PROJECT/DCM/top_module.vhd".
    Found 32-bit up counter for signal <count_rising>.
    Found 32-bit adder for signal <count_rising$add0000> created at line 111.
    Found 32-bit up counter for signal <count_rising0>.
    Found 1-bit register for signal <tmp_2>.
    Found 32-bit adder for signal <tmp_2$add0000> created at line 144.
    Found 1-bit register for signal <tmp_3>.
    Summary:
	inferred   2 Counter(s).
	inferred   2 D-type flip-flop(s).
	inferred   2 Adder/Subtractor(s).
Unit <top_module> synthesized.


=========================================================================
HDL Synthesis Report

Macro Statistics
# Adders/Subtractors                                   : 2
 32-bit adder                                          : 2
# Counters                                             : 2
 32-bit up counter                                     : 2
# Registers                                            : 2
 1-bit register                                        : 2

=========================================================================

=========================================================================
*                       Advanced HDL Synthesis                          *
=========================================================================

WARNING:Xst:79 - Model 'DCM' has different characteristics in destination library
WARNING:Xst:80 - Model name has been changed to 'DCM1'

=========================================================================
Advanced HDL Synthesis Report

Macro Statistics
# Adders/Subtractors                                   : 2
 32-bit adder                                          : 2
# Counters                                             : 2
 32-bit up counter                                     : 2
# Registers                                            : 2
 Flip-Flops                                            : 2

=========================================================================

=========================================================================
*                         Low Level Synthesis                           *
=========================================================================

Optimizing unit <top_module> ...

Mapping all equations...
Building and optimizing final netlist ...
Found area constraint ratio of 100 (+ 5) on block top_module, actual ratio is 1.

Final Macro Processing ...

=========================================================================
Final Register Report

Macro Statistics
# Registers                                            : 66
 Flip-Flops                                            : 66

=========================================================================

=========================================================================
*                           Partition Report                            *
=========================================================================

Partition Implementation Status
-------------------------------

  No Partitions were found in this design.

-------------------------------

=========================================================================
*                            Final Report                               *
=========================================================================
Final Results
RTL Top Level Output File Name     : top_module.ngr
Top Level Output File Name         : top_module
Output Format                      : NGC
Optimization Goal                  : Speed
Keep Hierarchy                     : No

Design Statistics
# IOs                              : 5

Cell Usage :
# BELS                             : 418
#      GND                         : 1
#      INV                         : 4
#      LUT1                        : 124
#      LUT2                        : 3
#      LUT3                        : 3
#      LUT4                        : 14
#      MUXCY                       : 140
#      VCC                         : 1
#      XORCY                       : 128
# FlipFlops/Latches                : 66
#      FDR                         : 64
#      FDRE                        : 2
# Clock Buffers                    : 7
#      BUFG                        : 7
# IO Buffers                       : 7
#      IBUFG                       : 3
#      OBUF                        : 4
# DCMs                             : 3
#      DCM_SP                      : 3
=========================================================================

Device utilization summary:
---------------------------

Selected Device : 3s1200efg320-4 

 Number of Slices:                      110  out of   8672     1%  
 Number of Slice Flip Flops:             66  out of  17344     0%  
 Number of 4 input LUTs:                148  out of  17344     0%  
 Number of IOs:                           5
 Number of bonded IOBs:                   4  out of    250     1%  
 Number of GCLKs:                         7  out of     24    29%  
 Number of DCMs:                          3  out of      8    37%  

---------------------------
Partition Resource Summary:
---------------------------

  No Partitions were found in this design.

---------------------------


=========================================================================
TIMING REPORT

NOTE: THESE TIMING NUMBERS ARE ONLY A SYNTHESIS ESTIMATE.
      FOR ACCURATE TIMING INFORMATION PLEASE REFER TO THE TRACE REPORT
      GENERATED AFTER PLACE-and-ROUTE.

Clock Information:
------------------
-----------------------------------+-----------------------------+-------+
Clock Signal                       | Clock buffer(FF name)       | Load  |
-----------------------------------+-----------------------------+-------+
Clock_in                           | Inst_DCM_4/DCM_SP_INST:CLKFX| 33    |
Clock_in                           | Inst_DCM_2/DCM_SP_INST:CLKFX| 33    |
-----------------------------------+-----------------------------+-------+

Asynchronous Control Signals Information:
----------------------------------------
No asynchronous control signals found in this design

Timing Summary:
---------------
Speed Grade: -4

   Minimum period: 25.899ns (Maximum Frequency: 38.612MHz)
   Minimum input arrival time before clock: No path found
   Maximum output required time after clock: 4.283ns
   Maximum combinational path delay: No path found

Timing Detail:
--------------
All values displayed in nanoseconds (ns)

=========================================================================
Timing constraint: Default period analysis for Clock 'Clock_in'
  Clock period: 25.899ns (frequency: 38.612MHz)
  Total number of paths / destination ports: 36960 / 132
-------------------------------------------------------------------------
Delay:               10.360ns (Levels of Logic = 34)
  Source:            count_rising0_1 (FF)
  Destination:       tmp_2 (FF)
  Source Clock:      Clock_in rising 2.5X
  Destination Clock: Clock_in rising 2.5X

  Data Path: count_rising0_1 to tmp_2
                                Gate     Net
    Cell:in->out      fanout   Delay   Delay  Logical Name (Net Name)
    ----------------------------------------  ------------
     FDR:C->Q              2   0.591   0.622  count_rising0_1 (count_rising0_1)
     LUT1:I0->O            1   0.704   0.000  Madd_tmp_2_add0000_cy<1>_rt (Madd_tmp_2_add0000_cy<1>_rt)
     MUXCY:S->O            1   0.464   0.000  Madd_tmp_2_add0000_cy<1> (Madd_tmp_2_add0000_cy<1>)
     MUXCY:CI->O           1   0.059   0.000  Madd_tmp_2_add0000_cy<2> (Madd_tmp_2_add0000_cy<2>)
     MUXCY:CI->O           1   0.059   0.000  Madd_tmp_2_add0000_cy<3> (Madd_tmp_2_add0000_cy<3>)
     MUXCY:CI->O           1   0.059   0.000  Madd_tmp_2_add0000_cy<4> (Madd_tmp_2_add0000_cy<4>)
     MUXCY:CI->O           1   0.059   0.000  Madd_tmp_2_add0000_cy<5> (Madd_tmp_2_add0000_cy<5>)
     MUXCY:CI->O           1   0.059   0.000  Madd_tmp_2_add0000_cy<6> (Madd_tmp_2_add0000_cy<6>)
     MUXCY:CI->O           1   0.059   0.000  Madd_tmp_2_add0000_cy<7> (Madd_tmp_2_add0000_cy<7>)
     MUXCY:CI->O           1   0.059   0.000  Madd_tmp_2_add0000_cy<8> (Madd_tmp_2_add0000_cy<8>)
     MUXCY:CI->O           1   0.059   0.000  Madd_tmp_2_add0000_cy<9> (Madd_tmp_2_add0000_cy<9>)
     MUXCY:CI->O           1   0.059   0.000  Madd_tmp_2_add0000_cy<10> (Madd_tmp_2_add0000_cy<10>)
     MUXCY:CI->O           1   0.059   0.000  Madd_tmp_2_add0000_cy<11> (Madd_tmp_2_add0000_cy<11>)
     MUXCY:CI->O           1   0.059   0.000  Madd_tmp_2_add0000_cy<12> (Madd_tmp_2_add0000_cy<12>)
     MUXCY:CI->O           1   0.059   0.000  Madd_tmp_2_add0000_cy<13> (Madd_tmp_2_add0000_cy<13>)
     MUXCY:CI->O           1   0.059   0.000  Madd_tmp_2_add0000_cy<14> (Madd_tmp_2_add0000_cy<14>)
     MUXCY:CI->O           1   0.059   0.000  Madd_tmp_2_add0000_cy<15> (Madd_tmp_2_add0000_cy<15>)
     MUXCY:CI->O           1   0.059   0.000  Madd_tmp_2_add0000_cy<16> (Madd_tmp_2_add0000_cy<16>)
     MUXCY:CI->O           1   0.059   0.000  Madd_tmp_2_add0000_cy<17> (Madd_tmp_2_add0000_cy<17>)
     MUXCY:CI->O           1   0.059   0.000  Madd_tmp_2_add0000_cy<18> (Madd_tmp_2_add0000_cy<18>)
     MUXCY:CI->O           1   0.059   0.000  Madd_tmp_2_add0000_cy<19> (Madd_tmp_2_add0000_cy<19>)
     MUXCY:CI->O           1   0.059   0.000  Madd_tmp_2_add0000_cy<20> (Madd_tmp_2_add0000_cy<20>)
     MUXCY:CI->O           1   0.059   0.000  Madd_tmp_2_add0000_cy<21> (Madd_tmp_2_add0000_cy<21>)
     MUXCY:CI->O           1   0.059   0.000  Madd_tmp_2_add0000_cy<22> (Madd_tmp_2_add0000_cy<22>)
     XORCY:CI->O           1   0.804   0.595  Madd_tmp_2_add0000_xor<23> (tmp_2_add0000<23>)
     LUT2:I0->O            1   0.704   0.000  tmp_2_cmp_eq00001_wg_lut<0> (tmp_2_cmp_eq00001_wg_lut<0>)
     MUXCY:S->O            1   0.464   0.000  tmp_2_cmp_eq00001_wg_cy<0> (tmp_2_cmp_eq00001_wg_cy<0>)
     MUXCY:CI->O           1   0.059   0.000  tmp_2_cmp_eq00001_wg_cy<1> (tmp_2_cmp_eq00001_wg_cy<1>)
     MUXCY:CI->O           1   0.059   0.000  tmp_2_cmp_eq00001_wg_cy<2> (tmp_2_cmp_eq00001_wg_cy<2>)
     MUXCY:CI->O           1   0.059   0.000  tmp_2_cmp_eq00001_wg_cy<3> (tmp_2_cmp_eq00001_wg_cy<3>)
     MUXCY:CI->O           1   0.059   0.000  tmp_2_cmp_eq00001_wg_cy<4> (tmp_2_cmp_eq00001_wg_cy<4>)
     MUXCY:CI->O           1   0.059   0.000  tmp_2_cmp_eq00001_wg_cy<5> (tmp_2_cmp_eq00001_wg_cy<5>)
     MUXCY:CI->O           1   0.059   0.000  tmp_2_cmp_eq00001_wg_cy<6> (tmp_2_cmp_eq00001_wg_cy<6>)
     MUXCY:CI->O           2   0.459   0.482  tmp_2_cmp_eq00001_wg_cy<7> (tmp_2_cmp_eq00001_wg_cy<7>)
     LUT3:I2->O           33   0.704   1.263  tmp_2_cmp_eq00001 (tmp_2_cmp_eq0000)
     FDRE:R                    0.911          tmp_2
    ----------------------------------------
    Total                     10.360ns (7.398ns logic, 2.962ns route)
                                       (71.4% logic, 28.6% route)

=========================================================================
Timing constraint: Default OFFSET OUT AFTER for Clock 'Clock_in'
  Total number of paths / destination ports: 2 / 2
-------------------------------------------------------------------------
Offset:              4.283ns (Levels of Logic = 1)
  Source:            tmp_2 (FF)
  Destination:       Clock2 (PAD)
  Source Clock:      Clock_in rising 2.5X

  Data Path: tmp_2 to Clock2
                                Gate     Net
    Cell:in->out      fanout   Delay   Delay  Logical Name (Net Name)
    ----------------------------------------  ------------
     FDRE:C->Q             1   0.591   0.420  tmp_2 (tmp_2)
     OBUF:I->O                 3.272          Clock2_OBUF (Clock2)
    ----------------------------------------
    Total                      4.283ns (3.863ns logic, 0.420ns route)
                                       (90.2% logic, 9.8% route)

=========================================================================


Total REAL time to Xst completion: 4.00 secs
Total CPU time to Xst completion: 3.99 secs
 
--> 


Total memory usage is 536204 kilobytes

Number of errors   :    0 (   0 filtered)
Number of warnings :   11 (   0 filtered)
Number of infos    :    0 (   0 filtered)

