INFO:sim:172 - Generating IP...
WARNING:sim:100 - The Simulation File Type <Behavioral> is not valid for this
   core. Overriding with File Type <structural>.
Customizing IP...
WARNING:coreutil - WARNING: it is not supported as a language.  Using usenglish.
   Release 14.7 - Xilinx CORE Generator IP GUI Launcher P.20131013 (lin64)
   Copyright (c) 1995-2013 Xilinx, Inc.  All rights reserved.
Finished Customizing.
Generating IP...
Configuring files for i_con root...
Gathering HDL files for i_con root...
Creating XST project for i_con...
Creating XST script file for i_con...
Creating XST instantiation file for i_con...
Running XST for i_con...
XST: HDL Compilation
XST: Design Hierarchy Analysis
XST: HDL Analysis
XST: HDL Synthesis
XST: Advanced HDL Synthesis
XST: Low Level Synthesis
Generating VHDL wrapper
Not generating Verilog wrapper
Creating ISE instantiation template for i_con...
Skipping Verilog instantiation template for i_con...
Finished Generation.
Generating IP instantiation template...
Generating ASY schematic symbol...
INFO:sim:949 - Finished generation of ASY schematic symbol.
Generating SYM schematic symbol for 'i_con'...
Generating metadata file...
Generating ISE project...
XCO file found: i_con.xco
XMDF file found: i_con_xmdf.tcl
Adding
/home/pietro/Scrivania/ISE_PROJECT/adder_chipscope/ipcore_dir/tmp/_cg/i_con.asy
-view all -origin_type imported
Adding
/home/pietro/Scrivania/ISE_PROJECT/adder_chipscope/ipcore_dir/tmp/_cg/i_con.ngc
-view all -origin_type created
WARNING: it is not supported as a language.  Using usenglish.
Checking file
"/home/pietro/Scrivania/ISE_PROJECT/adder_chipscope/ipcore_dir/tmp/_cg/i_con.ngc
" for project device match ...
File
"/home/pietro/Scrivania/ISE_PROJECT/adder_chipscope/ipcore_dir/tmp/_cg/i_con.ngc
" device information matches project device.
Adding
/home/pietro/Scrivania/ISE_PROJECT/adder_chipscope/ipcore_dir/tmp/_cg/i_con.vhd
-view all -origin_type created
INFO:HDLCompiler:1061 - Parsing VHDL file
   "/home/pietro/Scrivania/ISE_PROJECT/adder_chipscope/ipcore_dir/tmp/_cg/i_con.
   vhd" into library work
INFO:ProjectMgmt - Parsing design hierarchy completed successfully.
Adding
/home/pietro/Scrivania/ISE_PROJECT/adder_chipscope/ipcore_dir/tmp/_cg/i_con.vho
-view all -origin_type imported
INFO:TclTasksC:2116 - The automatic calculation of top has been turned-off.
   Please set the new top explicitly by running the "project set top" command.
   To re-calculate the new top automatically, set the "Auto Implementation Top"
   property to true.
Top level has been set to "/i_con"
Generating FLIST file...
INFO:sim:948 - Finished FLIST file generation.
Generating README file...
Launching README viewer...
Moving files to output directory...
Finished moving files to output directory
Wrote CGP file for project 'i_con'.
