ISim log file
Running: /home/pietro/Dropbox/ase/componenti vhdl/JK_with_gate/tb_ffJK_MS_isim_beh.exe -intstyle ise -gui -tclbatch isim.cmd -wdb /home/pietro/Dropbox/ase/componenti vhdl/JK_with_gate/tb_ffJK_MS_isim_beh.wdb 
ISim P.20131013 (signature 0xfbc00daa)
WARNING: A WEBPACK license was found.
WARNING: Please use Xilinx License Configuration Manager to check out a full ISim license.
WARNING: ISim will run in Lite mode. Please refer to the ISim documentation for more information on the differences between the Lite and the Full version.
This is a Lite version of ISim.
Time resolution is 1 ps
# onerror resume
# wave add /
# run 10000 ns
Simulator is doing circuit initialization process.
Finished circuit initialization process.
ISim P.20131013 (signature 0xfbc00daa)
WARNING: A WEBPACK license was found.
WARNING: Please use Xilinx License Configuration Manager to check out a full ISim license.
WARNING: ISim will run in Lite mode. Please refer to the ISim documentation for more information on the differences between the Lite and the Full version.
This is a Lite version of ISim.
# run 10000 ns
Simulator is doing circuit initialization process.
Finished circuit initialization process.
# exit 0
